# JRE version: Java(TM) SE Runtime Environment (23.0+37) (build 23+37-2369)
# Java VM: Java HotSpot(TM) 64-Bit Server VM (23+37-2369, mixed mode, sharing, tiered, compressed oops, compressed class ptrs, g1 gc, windows-amd64)
GC Precious Log:
 CardTable entry size: 512
 Card Set container configuration: InlinePtr #cards 5 size 8 Array Of Cards #cards 10 size 36 Howl #buckets 4 coarsen threshold 1843 Howl Bitmap #cards 512 size 80 coarsen threshold 460 Card regions per heap region 1 cards per card region 2048
 CPUs: 8 total, 8 available
 Memory: 7915M
 Large Page Support: Disabled
 NUMA Support: Disabled
 Compressed Oops: Enabled (32-bit)
 Heap Region Size: 1M
 Heap Min Capacity: 8M
 Heap Initial Capacity: 124M
 Heap Max Capacity: 1980M
 Pre-touch: Disabled
 Parallel Workers: 8
 Concurrent Workers: 2
 Concurrent Refinement Workers: 8
 Periodic GC: Disabled
Heap:
 garbage-first heap   total reserved 2027520K, committed 107520K, used 71568K [0x0000000084400000, 0x0000000100000000)
  region size 1024K, 11 young (11264K), 2 survivors (2048K)
 Metaspace       used 38730K, committed 39296K, reserved 1114112K
  class space    used 5250K, committed 5504K, reserved 1048576K
GC Heap History (20 events):
Event: 21.245 GC heap before
{Heap before GC invocations=6 (full 0):
 garbage-first heap   total reserved 2027520K, committed 71680K, used 54532K [0x0000000084400000, 0x0000000100000000)
  region size 1024K, 29 young (29696K), 5 survivors (5120K)
 Metaspace       used 34261K, committed 34752K, reserved 1114112K
  class space    used 4580K, committed 4800K, reserved 1048576K
}
Event: 21.252 GC heap after
{Heap after GC invocations=7 (full 0):
 garbage-first heap   total reserved 2027520K, committed 71680K, used 36347K [0x0000000084400000, 0x0000000100000000)
  region size 1024K, 4 young (4096K), 4 survivors (4096K)
 Metaspace       used 34261K, committed 34752K, reserved 1114112K
  class space    used 4580K, committed 4800K, reserved 1048576K
}
Event: 21.877 GC heap before
{Heap before GC invocations=7 (full 0):
 garbage-first heap   total reserved 2027520K, committed 71680K, used 57851K [0x0000000084400000, 0x0000000100000000)
  region size 1024K, 25 young (25600K), 4 survivors (4096K)
 Metaspace       used 34756K, committed 35264K, reserved 1114112K
  class space    used 4619K, committed 4864K, reserved 1048576K
}
Event: 21.883 GC heap after
{Heap after GC invocations=8 (full 0):
 garbage-first heap   total reserved 2027520K, committed 71680K, used 42850K [0x0000000084400000, 0x0000000100000000)
  region size 1024K, 4 young (4096K), 4 survivors (4096K)
 Metaspace       used 34756K, committed 35264K, reserved 1114112K
  class space    used 4619K, committed 4864K, reserved 1048576K
}
Event: 22.406 GC heap before
{Heap before GC invocations=9 (full 0):
 garbage-first heap   total reserved 2027520K, committed 71680K, used 52066K [0x0000000084400000, 0x0000000100000000)
  region size 1024K, 20 young (20480K), 4 survivors (4096K)
 Metaspace       used 34914K, committed 35456K, reserved 1114112K
  class space    used 4633K, committed 4864K, reserved 1048576K
}
Event: 22.412 GC heap after
{Heap after GC invocations=10 (full 0):
 garbage-first heap   total reserved 2027520K, committed 71680K, used 40975K [0x0000000084400000, 0x0000000100000000)
  region size 1024K, 3 young (3072K), 3 survivors (3072K)
 Metaspace       used 34914K, committed 35456K, reserved 1114112K
  class space    used 4633K, committed 4864K, reserved 1048576K
}
Event: 24.837 GC heap before
{Heap before GC invocations=10 (full 0):
 garbage-first heap   total reserved 2027520K, committed 71680K, used 58383K [0x0000000084400000, 0x0000000100000000)
  region size 1024K, 20 young (20480K), 3 survivors (3072K)
 Metaspace       used 35465K, committed 36032K, reserved 1114112K
  class space    used 4741K, committed 4992K, reserved 1048576K
}
Event: 24.843 GC heap after
{Heap after GC invocations=11 (full 0):
 garbage-first heap   total reserved 2027520K, committed 71680K, used 46009K [0x0000000084400000, 0x0000000100000000)
  region size 1024K, 3 young (3072K), 3 survivors (3072K)
 Metaspace       used 35465K, committed 36032K, reserved 1114112K
  class space    used 4741K, committed 4992K, reserved 1048576K
}
Event: 27.458 GC heap before
{Heap before GC invocations=11 (full 0):
 garbage-first heap   total reserved 2027520K, committed 71680K, used 60345K [0x0000000084400000, 0x0000000100000000)
  region size 1024K, 17 young (17408K), 3 survivors (3072K)
 Metaspace       used 36075K, committed 36608K, reserved 1114112K
  class space    used 4841K, committed 5056K, reserved 1048576K
}
Event: 27.462 GC heap after
{Heap after GC invocations=12 (full 0):
 garbage-first heap   total reserved 2027520K, committed 71680K, used 49326K [0x0000000084400000, 0x0000000100000000)
  region size 1024K, 3 young (3072K), 3 survivors (3072K)
 Metaspace       used 36075K, committed 36608K, reserved 1114112K
  class space    used 4841K, committed 5056K, reserved 1048576K
}
Event: 27.607 GC heap before
{Heap before GC invocations=13 (full 0):
 garbage-first heap   total reserved 2027520K, committed 83968K, used 61614K [0x0000000084400000, 0x0000000100000000)
  region size 1024K, 15 young (15360K), 3 survivors (3072K)
 Metaspace       used 36902K, committed 37376K, reserved 1114112K
  class space    used 5051K, committed 5248K, reserved 1048576K
}
Event: 27.611 GC heap after
{Heap after GC invocations=14 (full 0):
 garbage-first heap   total reserved 2027520K, committed 83968K, used 51911K [0x0000000084400000, 0x0000000100000000)
  region size 1024K, 2 young (2048K), 2 survivors (2048K)
 Metaspace       used 36902K, committed 37376K, reserved 1114112K
  class space    used 5051K, committed 5248K, reserved 1048576K
}
Event: 27.735 GC heap before
{Heap before GC invocations=14 (full 0):
 garbage-first heap   total reserved 2027520K, committed 83968K, used 71367K [0x0000000084400000, 0x0000000100000000)
  region size 1024K, 21 young (21504K), 2 survivors (2048K)
 Metaspace       used 36995K, committed 37568K, reserved 1114112K
  class space    used 5068K, committed 5312K, reserved 1048576K
}
Event: 27.740 GC heap after
{Heap after GC invocations=15 (full 0):
 garbage-first heap   total reserved 2027520K, committed 83968K, used 49152K [0x0000000084400000, 0x0000000100000000)
  region size 1024K, 3 young (3072K), 3 survivors (3072K)
 Metaspace       used 36995K, committed 37568K, reserved 1114112K
  class space    used 5068K, committed 5312K, reserved 1048576K
}
Event: 30.680 GC heap before
{Heap before GC invocations=15 (full 0):
 garbage-first heap   total reserved 2027520K, committed 83968K, used 73728K [0x0000000084400000, 0x0000000100000000)
  region size 1024K, 23 young (23552K), 3 survivors (3072K)
 Metaspace       used 37268K, committed 37824K, reserved 1114112K
  class space    used 5085K, committed 5312K, reserved 1048576K
}
Event: 30.687 GC heap after
{Heap after GC invocations=16 (full 0):
 garbage-first heap   total reserved 2027520K, committed 83968K, used 48736K [0x0000000084400000, 0x0000000100000000)
  region size 1024K, 3 young (3072K), 3 survivors (3072K)
 Metaspace       used 37268K, committed 37824K, reserved 1114112K
  class space    used 5085K, committed 5312K, reserved 1048576K
}
Event: 32.134 GC heap before
{Heap before GC invocations=16 (full 0):
 garbage-first heap   total reserved 2027520K, committed 83968K, used 70240K [0x0000000084400000, 0x0000000100000000)
  region size 1024K, 24 young (24576K), 3 survivors (3072K)
 Metaspace       used 37426K, committed 37952K, reserved 1114112K
  class space    used 5107K, committed 5312K, reserved 1048576K
}
Event: 32.141 GC heap after
{Heap after GC invocations=17 (full 0):
 garbage-first heap   total reserved 2027520K, committed 83968K, used 54462K [0x0000000084400000, 0x0000000100000000)
  region size 1024K, 3 young (3072K), 3 survivors (3072K)
 Metaspace       used 37426K, committed 37952K, reserved 1114112K
  class space    used 5107K, committed 5312K, reserved 1048576K
}
Event: 35.309 GC heap before
{Heap before GC invocations=17 (full 0):
 garbage-first heap   total reserved 2027520K, committed 83968K, used 68798K [0x0000000084400000, 0x0000000100000000)
  region size 1024K, 19 young (19456K), 3 survivors (3072K)
 Metaspace       used 38234K, committed 38784K, reserved 1114112K
  class space    used 5197K, committed 5440K, reserved 1048576K
}
Event: 35.312 GC heap after
{Heap after GC invocations=18 (full 0):
 garbage-first heap   total reserved 2027520K, committed 83968K, used 56208K [0x0000000084400000, 0x0000000100000000)
  region size 1024K, 2 young (2048K), 2 survivors (2048K)
 Metaspace       used 38234K, committed 38784K, reserved 1114112K
  class space    used 5197K, committed 5440K, reserved 1048576K
}

